2024-04-03 23:09:59.462   Log opened. (Time zone: UTC+08:00)
2024-04-03 23:09:59.462   Setup version: Inno Setup version 6.0.3 (u)
2024-04-03 23:09:59.462   Original Setup EXE: D:\Offen_Use_Work\Epic Pen Pro 3.7.31 Multilingual\Epic Pen Setup v3.7.31.0.exe
2024-04-03 23:09:59.462   Setup command line: /SL5="$70408,15549515,872960,D:\Offen_Use_Work\Epic Pen Pro 3.7.31 Multilingual\Epic Pen Setup v3.7.31.0.exe" /SPAWNWND=$81080 /NOTIFYWND=$609F2 
2024-04-03 23:09:59.462   Compatibility mode: Yes (DetectorsAppHealth Installer)
2024-04-03 23:09:59.462   Windows version: 10.0.22631  (NT platform: Yes)
2024-04-03 23:09:59.463   64-bit Windows: Yes
2024-04-03 23:09:59.463   Processor architecture: x64
2024-04-03 23:09:59.463   User privileges: Administrative
2024-04-03 23:09:59.466   Administrative install mode: Yes
2024-04-03 23:09:59.466   Install mode root key: HKEY_LOCAL_MACHINE
2024-04-03 23:09:59.466   64-bit install mode: No
2024-04-03 23:09:59.467   Created temporary directory: C:\Users\38603\AppData\Local\Temp\is-8760Q.tmp
2024-04-03 23:10:39.622   Calling RestartManager's RmGetList.
2024-04-03 23:10:39.623   RmGetList finished successfully.
2024-04-03 23:10:39.623   RestartManager found no applications using one of our files.
2024-04-03 23:10:39.639   Starting the installation process.
2024-04-03 23:10:39.641   Creating directory: D:\Note\Epic Pen
2024-04-03 23:10:39.643   Directory for uninstall files: D:\Note\Epic Pen
2024-04-03 23:10:39.643   Creating new uninstall log: D:\Note\Epic Pen\unins000.dat
2024-04-03 23:10:39.643   -- File entry --
2024-04-03 23:10:39.643   Dest filename: D:\Note\Epic Pen\unins000.exe
2024-04-03 23:10:39.643   Time stamp of our file: 2024-04-03 23:09:59.352
2024-04-03 23:10:39.643   Installing the file.
2024-04-03 23:10:39.665   Successfully installed the file.
2024-04-03 23:10:39.665   -- File entry --
2024-04-03 23:10:39.665   Dest filename: C:\Users\38603\AppData\Local\Temp\is-8760Q.tmp\dotNet4.7.2.exe
2024-04-03 23:10:39.665   Time stamp of our file: 2020-03-10 11:02:56.000
2024-04-03 23:10:39.665   Installing the file.
2024-04-03 23:10:40.053   Successfully installed the file.
2024-04-03 23:10:40.053   -- File entry --
2024-04-03 23:10:40.053   Dest filename: D:\Note\Epic Pen\EpicPen.exe
2024-04-03 23:10:40.053   Time stamp of our file: 2020-03-10 11:07:14.000
2024-04-03 23:10:40.053   Installing the file.
2024-04-03 23:10:40.152   Successfully installed the file.
2024-04-03 23:10:40.152   -- File entry --
2024-04-03 23:10:40.152   Dest filename: D:\Note\Epic Pen\App.config
2024-04-03 23:10:40.152   Time stamp of our file: 2020-03-10 11:02:54.000
2024-04-03 23:10:40.152   Installing the file.
2024-04-03 23:10:40.161   Successfully installed the file.
2024-04-03 23:10:40.161   -- File entry --
2024-04-03 23:10:40.161   Dest filename: D:\Note\Epic Pen\EpicPen.exe
2024-04-03 23:10:40.161   Time stamp of our file: 2020-03-10 11:07:14.000
2024-04-03 23:10:40.161   Dest file exists.
2024-04-03 23:10:40.161   Time stamp of existing file: 2020-03-10 11:07:14.000
2024-04-03 23:10:40.161   Installing the file.
2024-04-03 23:10:40.164   Successfully installed the file.
2024-04-03 23:10:40.164   -- File entry --
2024-04-03 23:10:40.164   Dest filename: D:\Note\Epic Pen\EpicPen.exe.config
2024-04-03 23:10:40.164   Time stamp of our file: 2020-03-10 11:07:08.000
2024-04-03 23:10:40.164   Installing the file.
2024-04-03 23:10:40.164   Successfully installed the file.
2024-04-03 23:10:40.164   -- File entry --
2024-04-03 23:10:40.164   Dest filename: D:\Note\Epic Pen\EpicPen.pdb
2024-04-03 23:10:40.164   Time stamp of our file: 2020-03-10 11:07:14.000
2024-04-03 23:10:40.164   Installing the file.
2024-04-03 23:10:40.177   Successfully installed the file.
2024-04-03 23:10:40.177   -- File entry --
2024-04-03 23:10:40.177   Dest filename: D:\Note\Epic Pen\EpicPenUI.dll
2024-04-03 23:10:40.177   Time stamp of our file: 2020-03-10 11:07:08.000
2024-04-03 23:10:40.177   Installing the file.
2024-04-03 23:10:40.491   Successfully installed the file.
2024-04-03 23:10:40.491   -- File entry --
2024-04-03 23:10:40.491   Dest filename: D:\Note\Epic Pen\EpicPenUI.dll.config
2024-04-03 23:10:40.491   Time stamp of our file: 2020-03-10 11:06:52.000
2024-04-03 23:10:40.491   Installing the file.
2024-04-03 23:10:40.499   Successfully installed the file.
2024-04-03 23:10:40.499   -- File entry --
2024-04-03 23:10:40.499   Dest filename: D:\Note\Epic Pen\EpicPenUI.pdb
2024-04-03 23:10:40.499   Time stamp of our file: 2020-03-10 11:07:06.000
2024-04-03 23:10:40.499   Installing the file.
2024-04-03 23:10:40.507   Successfully installed the file.
2024-04-03 23:10:40.507   -- File entry --
2024-04-03 23:10:40.507   Dest filename: D:\Note\Epic Pen\Epic_Pen.XML
2024-04-03 23:10:40.507   Time stamp of our file: 2020-03-10 11:07:12.000
2024-04-03 23:10:40.507   Installing the file.
2024-04-03 23:10:40.507   Successfully installed the file.
2024-04-03 23:10:40.507   -- File entry --
2024-04-03 23:10:40.507   Dest filename: D:\Note\Epic Pen\FSharp.Control.Reactive.dll
2024-04-03 23:10:40.507   Time stamp of our file: 2018-02-21 11:18:38.000
2024-04-03 23:10:40.507   Installing the file.
2024-04-03 23:10:40.531   Successfully installed the file.
2024-04-03 23:10:40.531   -- File entry --
2024-04-03 23:10:40.531   Dest filename: D:\Note\Epic Pen\FSharp.Core.dll
2024-04-03 23:10:40.531   Time stamp of our file: 2019-08-02 18:03:46.000
2024-04-03 23:10:40.531   Installing the file.
2024-04-03 23:10:40.791   Successfully installed the file.
2024-04-03 23:10:40.791   -- File entry --
2024-04-03 23:10:40.791   Dest filename: D:\Note\Epic Pen\FSharp.Core.xml
2024-04-03 23:10:40.791   Time stamp of our file: 2019-08-02 18:03:36.000
2024-04-03 23:10:40.791   Installing the file.
2024-04-03 23:10:40.802   Successfully installed the file.
2024-04-03 23:10:40.802   -- File entry --
2024-04-03 23:10:40.802   Dest filename: D:\Note\Epic Pen\FsXaml.Wpf.dll
2024-04-03 23:10:40.802   Time stamp of our file: 2017-03-08 17:10:26.000
2024-04-03 23:10:40.802   Installing the file.
2024-04-03 23:10:40.826   Successfully installed the file.
2024-04-03 23:10:40.826   -- File entry --
2024-04-03 23:10:40.826   Dest filename: D:\Note\Epic Pen\FsXaml.Wpf.TypeProvider.dll
2024-04-03 23:10:40.826   Time stamp of our file: 2017-03-08 17:10:26.000
2024-04-03 23:10:40.826   Installing the file.
2024-04-03 23:10:40.877   Successfully installed the file.
2024-04-03 23:10:40.877   -- File entry --
2024-04-03 23:10:40.881   Dest filename: D:\Note\Epic Pen\FsXaml.Wpf.TypeProvider.xml
2024-04-03 23:10:40.881   Time stamp of our file: 2017-03-08 17:10:26.000
2024-04-03 23:10:40.881   Installing the file.
2024-04-03 23:10:40.881   Successfully installed the file.
2024-04-03 23:10:40.881   -- File entry --
2024-04-03 23:10:40.881   Dest filename: D:\Note\Epic Pen\FsXaml.Wpf.xml
2024-04-03 23:10:40.881   Time stamp of our file: 2017-03-08 17:10:26.000
2024-04-03 23:10:40.881   Installing the file.
2024-04-03 23:10:40.881   Successfully installed the file.
2024-04-03 23:10:40.881   -- File entry --
2024-04-03 23:10:40.881   Dest filename: D:\Note\Epic Pen\Gma.System.MouseKeyHook.dll
2024-04-03 23:10:40.881   Time stamp of our file: 2018-01-24 06:41:54.000
2024-04-03 23:10:40.881   Installing the file.
2024-04-03 23:10:40.901   Successfully installed the file.
2024-04-03 23:10:40.901   -- File entry --
2024-04-03 23:10:40.901   Dest filename: D:\Note\Epic Pen\icon.ico
2024-04-03 23:10:40.901   Time stamp of our file: 2020-03-10 11:02:54.000
2024-04-03 23:10:40.901   Installing the file.
2024-04-03 23:10:40.901   Successfully installed the file.
2024-04-03 23:10:40.901   -- File entry --
2024-04-03 23:10:40.901   Dest filename: D:\Note\Epic Pen\Newtonsoft.Json.dll
2024-04-03 23:10:40.901   Time stamp of our file: 2015-06-22 10:06:54.000
2024-04-03 23:10:40.901   Installing the file.
2024-04-03 23:10:40.988   Successfully installed the file.
2024-04-03 23:10:40.992   -- File entry --
2024-04-03 23:10:40.992   Dest filename: D:\Note\Epic Pen\Newtonsoft.Json.xml
2024-04-03 23:10:40.992   Time stamp of our file: 2015-06-22 10:06:54.000
2024-04-03 23:10:40.992   Installing the file.
2024-04-03 23:10:40.992   Successfully installed the file.
2024-04-03 23:10:40.992   -- File entry --
2024-04-03 23:10:40.992   Dest filename: D:\Note\Epic Pen\System.Reactive.Core.dll
2024-04-03 23:10:40.992   Time stamp of our file: 2016-11-21 14:01:44.000
2024-04-03 23:10:40.992   Installing the file.
2024-04-03 23:10:41.021   Successfully installed the file.
2024-04-03 23:10:41.021   -- File entry --
2024-04-03 23:10:41.021   Dest filename: D:\Note\Epic Pen\System.Reactive.Core.xml
2024-04-03 23:10:41.021   Time stamp of our file: 2016-11-21 14:01:10.000
2024-04-03 23:10:41.021   Installing the file.
2024-04-03 23:10:41.021   Successfully installed the file.
2024-04-03 23:10:41.021   -- File entry --
2024-04-03 23:10:41.021   Dest filename: D:\Note\Epic Pen\System.Reactive.Interfaces.dll
2024-04-03 23:10:41.021   Time stamp of our file: 2016-11-21 14:02:06.000
2024-04-03 23:10:41.021   Installing the file.
2024-04-03 23:10:41.036   Successfully installed the file.
2024-04-03 23:10:41.036   -- File entry --
2024-04-03 23:10:41.036   Dest filename: D:\Note\Epic Pen\System.Reactive.Interfaces.xml
2024-04-03 23:10:41.036   Time stamp of our file: 2016-11-21 14:01:10.000
2024-04-03 23:10:41.036   Installing the file.
2024-04-03 23:10:41.041   Successfully installed the file.
2024-04-03 23:10:41.041   -- File entry --
2024-04-03 23:10:41.041   Dest filename: D:\Note\Epic Pen\System.Reactive.Linq.dll
2024-04-03 23:10:41.041   Time stamp of our file: 2016-11-21 14:02:12.000
2024-04-03 23:10:41.041   Installing the file.
2024-04-03 23:10:41.091   Successfully installed the file.
2024-04-03 23:10:41.091   -- File entry --
2024-04-03 23:10:41.091   Dest filename: D:\Note\Epic Pen\System.Reactive.Linq.xml
2024-04-03 23:10:41.091   Time stamp of our file: 2016-11-21 14:01:12.000
2024-04-03 23:10:41.091   Installing the file.
2024-04-03 23:10:41.102   Successfully installed the file.
2024-04-03 23:10:41.102   -- File entry --
2024-04-03 23:10:41.102   Dest filename: D:\Note\Epic Pen\System.Reactive.PlatformServices.dll
2024-04-03 23:10:41.102   Time stamp of our file: 2016-11-21 14:02:34.000
2024-04-03 23:10:41.102   Installing the file.
2024-04-03 23:10:41.116   Successfully installed the file.
2024-04-03 23:10:41.116   -- File entry --
2024-04-03 23:10:41.116   Dest filename: D:\Note\Epic Pen\System.Reactive.PlatformServices.xml
2024-04-03 23:10:41.116   Time stamp of our file: 2016-11-21 14:01:14.000
2024-04-03 23:10:41.116   Installing the file.
2024-04-03 23:10:41.116   Successfully installed the file.
2024-04-03 23:10:41.116   -- File entry --
2024-04-03 23:10:41.121   Dest filename: D:\Note\Epic Pen\System.Reactive.Windows.Threading.dll
2024-04-03 23:10:41.121   Time stamp of our file: 2016-11-21 14:03:12.000
2024-04-03 23:10:41.121   Installing the file.
2024-04-03 23:10:41.131   Successfully installed the file.
2024-04-03 23:10:41.131   -- File entry --
2024-04-03 23:10:41.131   Dest filename: D:\Note\Epic Pen\System.Reactive.Windows.Threading.xml
2024-04-03 23:10:41.131   Time stamp of our file: 2016-11-21 14:01:18.000
2024-04-03 23:10:41.131   Installing the file.
2024-04-03 23:10:41.131   Successfully installed the file.
2024-04-03 23:10:41.131   -- File entry --
2024-04-03 23:10:41.131   Dest filename: D:\Note\Epic Pen\System.Windows.Interactivity.dll
2024-04-03 23:10:41.131   Time stamp of our file: 2013-12-06 19:13:30.000
2024-04-03 23:10:41.131   Installing the file.
2024-04-03 23:10:41.156   Successfully installed the file.
2024-04-03 23:10:41.158   -- File entry --
2024-04-03 23:10:41.158   Dest filename: D:\Note\Epic Pen\WriteableBitmapEx.Wpf.dll
2024-04-03 23:10:41.158   Time stamp of our file: 2015-03-31 15:28:46.000
2024-04-03 23:10:41.158   Installing the file.
2024-04-03 23:10:41.171   Successfully installed the file.
2024-04-03 23:10:41.171   -- File entry --
2024-04-03 23:10:41.171   Dest filename: D:\Note\Epic Pen\WriteableBitmapEx.Wpf.pdb
2024-04-03 23:10:41.171   Time stamp of our file: 2015-03-31 15:28:46.000
2024-04-03 23:10:41.171   Installing the file.
2024-04-03 23:10:41.171   Successfully installed the file.
2024-04-03 23:10:41.171   -- File entry --
2024-04-03 23:10:41.171   Dest filename: D:\Note\Epic Pen\WriteableBitmapEx.Wpf.xml
2024-04-03 23:10:41.171   Time stamp of our file: 2015-03-31 15:28:46.000
2024-04-03 23:10:41.171   Installing the file.
2024-04-03 23:10:41.171   Successfully installed the file.
2024-04-03 23:10:41.171   -- File entry --
2024-04-03 23:10:41.178   Dest filename: D:\Note\Epic Pen\cs\FSharp.Core.resources.dll
2024-04-03 23:10:41.178   Time stamp of our file: 2019-08-02 18:03:46.000
2024-04-03 23:10:41.178   Installing the file.
2024-04-03 23:10:41.178   Creating directory: D:\Note\Epic Pen\cs
2024-04-03 23:10:41.194   Successfully installed the file.
2024-04-03 23:10:41.195   -- File entry --
2024-04-03 23:10:41.195   Dest filename: D:\Note\Epic Pen\de\FSharp.Core.resources.dll
2024-04-03 23:10:41.195   Time stamp of our file: 2019-08-02 18:03:46.000
2024-04-03 23:10:41.195   Installing the file.
2024-04-03 23:10:41.195   Creating directory: D:\Note\Epic Pen\de
2024-04-03 23:10:41.212   Successfully installed the file.
2024-04-03 23:10:41.212   -- File entry --
2024-04-03 23:10:41.212   Dest filename: D:\Note\Epic Pen\es\FSharp.Core.resources.dll
2024-04-03 23:10:41.212   Time stamp of our file: 2019-08-02 18:03:46.000
2024-04-03 23:10:41.212   Installing the file.
2024-04-03 23:10:41.212   Creating directory: D:\Note\Epic Pen\es
2024-04-03 23:10:41.226   Successfully installed the file.
2024-04-03 23:10:41.228   -- File entry --
2024-04-03 23:10:41.228   Dest filename: D:\Note\Epic Pen\fr\FSharp.Core.resources.dll
2024-04-03 23:10:41.228   Time stamp of our file: 2019-08-02 18:03:46.000
2024-04-03 23:10:41.228   Installing the file.
2024-04-03 23:10:41.228   Creating directory: D:\Note\Epic Pen\fr
2024-04-03 23:10:41.242   Successfully installed the file.
2024-04-03 23:10:41.245   -- File entry --
2024-04-03 23:10:41.245   Dest filename: D:\Note\Epic Pen\it\FSharp.Core.resources.dll
2024-04-03 23:10:41.245   Time stamp of our file: 2019-08-02 18:03:46.000
2024-04-03 23:10:41.245   Installing the file.
2024-04-03 23:10:41.245   Creating directory: D:\Note\Epic Pen\it
2024-04-03 23:10:41.257   Successfully installed the file.
2024-04-03 23:10:41.257   -- File entry --
2024-04-03 23:10:41.261   Dest filename: D:\Note\Epic Pen\ja\FSharp.Core.resources.dll
2024-04-03 23:10:41.261   Time stamp of our file: 2019-08-02 18:03:46.000
2024-04-03 23:10:41.261   Installing the file.
2024-04-03 23:10:41.261   Creating directory: D:\Note\Epic Pen\ja
2024-04-03 23:10:41.273   Successfully installed the file.
2024-04-03 23:10:41.273   -- File entry --
2024-04-03 23:10:41.276   Dest filename: D:\Note\Epic Pen\ko\FSharp.Core.resources.dll
2024-04-03 23:10:41.276   Time stamp of our file: 2019-08-02 18:03:46.000
2024-04-03 23:10:41.276   Installing the file.
2024-04-03 23:10:41.276   Creating directory: D:\Note\Epic Pen\ko
2024-04-03 23:10:41.289   Successfully installed the file.
2024-04-03 23:10:41.289   -- File entry --
2024-04-03 23:10:41.289   Dest filename: D:\Note\Epic Pen\pl\FSharp.Core.resources.dll
2024-04-03 23:10:41.289   Time stamp of our file: 2019-08-02 18:03:46.000
2024-04-03 23:10:41.289   Installing the file.
2024-04-03 23:10:41.289   Creating directory: D:\Note\Epic Pen\pl
2024-04-03 23:10:41.304   Successfully installed the file.
2024-04-03 23:10:41.304   -- File entry --
2024-04-03 23:10:41.304   Dest filename: D:\Note\Epic Pen\pt-BR\FSharp.Core.resources.dll
2024-04-03 23:10:41.304   Time stamp of our file: 2019-08-02 18:03:46.000
2024-04-03 23:10:41.304   Installing the file.
2024-04-03 23:10:41.304   Creating directory: D:\Note\Epic Pen\pt-BR
2024-04-03 23:10:41.321   Successfully installed the file.
2024-04-03 23:10:41.324   -- File entry --
2024-04-03 23:10:41.324   Dest filename: D:\Note\Epic Pen\ru\FSharp.Core.resources.dll
2024-04-03 23:10:41.324   Time stamp of our file: 2019-08-02 18:03:46.000
2024-04-03 23:10:41.324   Installing the file.
2024-04-03 23:10:41.324   Creating directory: D:\Note\Epic Pen\ru
2024-04-03 23:10:41.336   Successfully installed the file.
2024-04-03 23:10:41.339   -- File entry --
2024-04-03 23:10:41.339   Dest filename: D:\Note\Epic Pen\tr\FSharp.Core.resources.dll
2024-04-03 23:10:41.339   Time stamp of our file: 2019-08-02 18:03:46.000
2024-04-03 23:10:41.339   Installing the file.
2024-04-03 23:10:41.339   Creating directory: D:\Note\Epic Pen\tr
2024-04-03 23:10:41.352   Successfully installed the file.
2024-04-03 23:10:41.352   -- File entry --
2024-04-03 23:10:41.354   Dest filename: D:\Note\Epic Pen\video\arrow.mp4
2024-04-03 23:10:41.354   Time stamp of our file: 2020-03-10 11:02:56.000
2024-04-03 23:10:41.354   Installing the file.
2024-04-03 23:10:41.354   Creating directory: D:\Note\Epic Pen\video
2024-04-03 23:10:41.402   Successfully installed the file.
2024-04-03 23:10:41.402   -- File entry --
2024-04-03 23:10:41.402   Dest filename: D:\Note\Epic Pen\video\arrow@x2.mp4
2024-04-03 23:10:41.402   Time stamp of our file: 2020-03-10 11:02:56.000
2024-04-03 23:10:41.402   Installing the file.
2024-04-03 23:10:41.432   Successfully installed the file.
2024-04-03 23:10:41.432   -- File entry --
2024-04-03 23:10:41.432   Dest filename: D:\Note\Epic Pen\video\blackboard.mp4
2024-04-03 23:10:41.432   Time stamp of our file: 2020-03-10 11:02:56.000
2024-04-03 23:10:41.432   Installing the file.
2024-04-03 23:10:41.448   Successfully installed the file.
2024-04-03 23:10:41.448   -- File entry --
2024-04-03 23:10:41.448   Dest filename: D:\Note\Epic Pen\video\blackboard@x2.mp4
2024-04-03 23:10:41.448   Time stamp of our file: 2020-03-10 11:02:56.000
2024-04-03 23:10:41.448   Installing the file.
2024-04-03 23:10:41.481   Successfully installed the file.
2024-04-03 23:10:41.481   -- File entry --
2024-04-03 23:10:41.481   Dest filename: D:\Note\Epic Pen\video\ellipse.mp4
2024-04-03 23:10:41.481   Time stamp of our file: 2020-03-10 11:02:56.000
2024-04-03 23:10:41.481   Installing the file.
2024-04-03 23:10:41.521   Successfully installed the file.
2024-04-03 23:10:41.521   -- File entry --
2024-04-03 23:10:41.527   Dest filename: D:\Note\Epic Pen\video\ellipse@x2.mp4
2024-04-03 23:10:41.527   Time stamp of our file: 2020-03-10 11:02:56.000
2024-04-03 23:10:41.527   Installing the file.
2024-04-03 23:10:41.552   Successfully installed the file.
2024-04-03 23:10:41.552   -- File entry --
2024-04-03 23:10:41.552   Dest filename: D:\Note\Epic Pen\video\line.mp4
2024-04-03 23:10:41.552   Time stamp of our file: 2020-03-10 11:02:56.000
2024-04-03 23:10:41.552   Installing the file.
2024-04-03 23:10:41.602   Successfully installed the file.
2024-04-03 23:10:41.602   -- File entry --
2024-04-03 23:10:41.602   Dest filename: D:\Note\Epic Pen\video\line@x2.mp4
2024-04-03 23:10:41.602   Time stamp of our file: 2020-03-10 11:02:56.000
2024-04-03 23:10:41.602   Installing the file.
2024-04-03 23:10:41.702   Successfully installed the file.
2024-04-03 23:10:41.702   -- File entry --
2024-04-03 23:10:41.702   Dest filename: D:\Note\Epic Pen\video\rectangle.mp4
2024-04-03 23:10:41.702   Time stamp of our file: 2020-03-10 11:02:56.000
2024-04-03 23:10:41.702   Installing the file.
2024-04-03 23:10:41.726   Successfully installed the file.
2024-04-03 23:10:41.726   -- File entry --
2024-04-03 23:10:41.726   Dest filename: D:\Note\Epic Pen\video\rectangle@x2.mp4
2024-04-03 23:10:41.726   Time stamp of our file: 2020-03-10 11:02:56.000
2024-04-03 23:10:41.726   Installing the file.
2024-04-03 23:10:41.764   Successfully installed the file.
2024-04-03 23:10:41.764   -- File entry --
2024-04-03 23:10:41.764   Dest filename: D:\Note\Epic Pen\video\text.mp4
2024-04-03 23:10:41.771   Time stamp of our file: 2020-03-10 11:02:56.000
2024-04-03 23:10:41.771   Installing the file.
2024-04-03 23:10:41.787   Successfully installed the file.
2024-04-03 23:10:41.787   -- File entry --
2024-04-03 23:10:41.787   Dest filename: D:\Note\Epic Pen\video\text@x2.mp4
2024-04-03 23:10:41.787   Time stamp of our file: 2020-03-10 11:02:56.000
2024-04-03 23:10:41.787   Installing the file.
2024-04-03 23:10:41.827   Successfully installed the file.
2024-04-03 23:10:41.827   -- File entry --
2024-04-03 23:10:41.827   Dest filename: D:\Note\Epic Pen\video\whiteboard.mp4
2024-04-03 23:10:41.827   Time stamp of our file: 2020-03-10 11:02:56.000
2024-04-03 23:10:41.827   Installing the file.
2024-04-03 23:10:41.843   Successfully installed the file.
2024-04-03 23:10:41.843   -- File entry --
2024-04-03 23:10:41.843   Dest filename: D:\Note\Epic Pen\video\whiteboard@x2.mp4
2024-04-03 23:10:41.843   Time stamp of our file: 2020-03-10 11:02:56.000
2024-04-03 23:10:41.843   Installing the file.
2024-04-03 23:10:41.882   Successfully installed the file.
2024-04-03 23:10:41.882   -- File entry --
2024-04-03 23:10:41.882   Dest filename: D:\Note\Epic Pen\zh-Hans\FSharp.Core.resources.dll
2024-04-03 23:10:41.882   Time stamp of our file: 2019-08-02 18:03:46.000
2024-04-03 23:10:41.882   Installing the file.
2024-04-03 23:10:41.882   Creating directory: D:\Note\Epic Pen\zh-Hans
2024-04-03 23:10:41.892   Successfully installed the file.
2024-04-03 23:10:41.892   -- File entry --
2024-04-03 23:10:41.892   Dest filename: D:\Note\Epic Pen\zh-Hant\FSharp.Core.resources.dll
2024-04-03 23:10:41.892   Time stamp of our file: 2019-08-02 18:03:46.000
2024-04-03 23:10:41.892   Installing the file.
2024-04-03 23:10:41.892   Creating directory: D:\Note\Epic Pen\zh-Hant
2024-04-03 23:10:41.911   Successfully installed the file.
2024-04-03 23:10:41.911   -- Icon entry --
2024-04-03 23:10:41.911   Dest filename: C:\ProgramData\Microsoft\Windows\Start Menu\Programs\Epic Pen\Epic Pen.lnk
2024-04-03 23:10:41.911   Creating directory: C:\ProgramData\Microsoft\Windows\Start Menu\Programs\Epic Pen
2024-04-03 23:10:41.911   Creating the icon.
2024-04-03 23:10:41.924   Successfully created the icon.
2024-04-03 23:10:41.932   -- Icon entry --
2024-04-03 23:10:41.932   Dest filename: C:\ProgramData\Microsoft\Windows\Start Menu\Programs\Epic Pen\Uninstall Epic Pen.lnk
2024-04-03 23:10:41.932   Creating the icon.
2024-04-03 23:10:41.932   Successfully created the icon.
2024-04-03 23:10:41.941   -- Icon entry --
2024-04-03 23:10:41.941   Dest filename: C:\Users\Public\Desktop\Epic Pen.lnk
2024-04-03 23:10:41.941   Creating the icon.
2024-04-03 23:10:41.941   Successfully created the icon.
2024-04-03 23:10:41.948   -- Registry entry --
2024-04-03 23:10:41.948   Key: HKEY_LOCAL_MACHINE\SOFTWARE\Tank Studios\Epic Pen
2024-04-03 23:10:41.948   Value name: activationCode
2024-04-03 23:10:41.948   Setting permissions on key: HKEY_LOCAL_MACHINE\SOFTWARE\Tank Studios\Epic Pen
2024-04-03 23:10:41.948   Could not set permissions on the key because it currently does not exist.
2024-04-03 23:10:41.948   Creating or opening the key.
2024-04-03 23:10:41.948   New key created, need to set permissions again.
2024-04-03 23:10:41.948   Setting permissions on key: HKEY_LOCAL_MACHINE\SOFTWARE\Tank Studios\Epic Pen
2024-04-03 23:10:41.948   Creating or setting the value.
2024-04-03 23:10:41.948   Successfully created or set the value.
2024-04-03 23:10:41.948   -- Registry entry --
2024-04-03 23:10:41.948   Key: HKEY_LOCAL_MACHINE\SOFTWARE\Tank Studios\Epic Pen
2024-04-03 23:10:41.948   Value name: proxyHost
2024-04-03 23:10:41.948   Setting permissions on key: HKEY_LOCAL_MACHINE\SOFTWARE\Tank Studios\Epic Pen
2024-04-03 23:10:41.948   Creating or opening the key.
2024-04-03 23:10:41.948   Creating or setting the value.
2024-04-03 23:10:41.948   Successfully created or set the value.
2024-04-03 23:10:41.948   -- Registry entry --
2024-04-03 23:10:41.948   Key: HKEY_LOCAL_MACHINE\SOFTWARE\Tank Studios\Epic Pen
2024-04-03 23:10:41.948   Value name: proxyPort
2024-04-03 23:10:41.948   Setting permissions on key: HKEY_LOCAL_MACHINE\SOFTWARE\Tank Studios\Epic Pen
2024-04-03 23:10:41.948   Creating or opening the key.
2024-04-03 23:10:41.948   Creating or setting the value.
2024-04-03 23:10:41.948   Successfully created or set the value.
2024-04-03 23:10:41.948   Saving uninstall information.
2024-04-03 23:10:41.948   Writing uninstaller messages: D:\Note\Epic Pen\unins000.msg
2024-04-03 23:10:41.948   Creating new uninstall key: HKEY_LOCAL_MACHINE\Software\Microsoft\Windows\CurrentVersion\Uninstall\Epic Pen_is1
2024-04-03 23:10:41.951   Writing uninstall key values.
2024-04-03 23:10:41.951   Detected previous non administrative install? No
2024-04-03 23:10:41.951   Detected previous administrative 64-bit install? No
2024-04-03 23:10:41.951   Installation process succeeded.
2024-04-03 23:10:41.958   -- Run entry --
2024-04-03 23:10:41.958   Run as: Current user
2024-04-03 23:10:41.958   Type: Exec
2024-04-03 23:10:41.958   Filename: C:\Users\38603\AppData\Local\Temp\is-8760Q.tmp\dotNet4.7.2.exe
2024-04-03 23:10:41.958   Parameters: /noreboot
2024-04-03 23:10:41.958   File doesn't exist. Skipping.
2024-04-03 23:10:41.964   Need to restart Windows? No
2024-04-03 23:10:45.011   Deinitializing Setup.
